2024-12-21T12:50:26.490Z [31merror[39m: Error during user registration: 
Invalid `prisma.users.create()` invocation:


Unique constraint failed on the fields: (`username`)
2024-12-21T14:29:36.368Z [31merror[39m: Error during OTP generation: An error occurred while sending OTP email. Please check the logs for more details.
2024-12-21T16:16:28.755Z [31merror[39m: Verification Error:
2024-12-21T16:16:52.630Z [31merror[39m: Verification Error:
2024-12-21T16:22:38.998Z [31merror[39m: Verification Error:
2024-12-21T16:23:56.994Z [31merror[39m: Verification Error:
2024-12-22T05:49:43.831Z [31merror[39m: Verification Error:
2024-12-22T06:02:41.971Z [31merror[39m: Verification Error:
2024-12-22T06:13:05.597Z [31merror[39m: Error during user registration: 
Invalid `prisma.users.create()` invocation:


Null constraint violation on the fields: (`updatedAt`)
2024-12-23T14:40:38.115Z [31merror[39m: Error during sending magic link: 
Invalid `prisma.users.findUnique()` invocation:


Can't reach database server at `aws-0-ap-southeast-1.pooler.supabase.com:6543`

Please make sure your database server is running at `aws-0-ap-southeast-1.pooler.supabase.com:6543`.
2024-12-23T16:50:06.328Z [31merror[39m: Error during OTP generation: An error occurred while sending OTP email. Please check the logs for more details.
2024-12-23T17:56:44.908Z [31merror[39m: Verification Error: 
Invalid `prisma.users.findUnique()` invocation:


Can't reach database server at `aws-0-ap-southeast-1.pooler.supabase.com:6543`

Please make sure your database server is running at `aws-0-ap-southeast-1.pooler.supabase.com:6543`.
2024-12-24T05:45:16.335Z [31merror[39m: Upload error: formidable__WEBPACK_IMPORTED_MODULE_0__.default.IncomingForm is not a constructor
2024-12-24T13:31:46.949Z [31merror[39m: Conversion error: 
Invalid `prisma.document.findUnique()` invocation:

{
  where: {
    id: "5"
        ~~~
  }
}

Argument `id`: Invalid value provided. Expected Int, provided String.
2024-12-24T13:32:18.959Z [31merror[39m: Conversion error: Failed to convert Word document to PDF.
2024-12-24T13:42:59.463Z [31merror[39m: Conversion error: Failed to convert Word document to PDF.
2025-01-02T06:40:00.254Z [31merror[39m: Verification Error:
